{"level":"INFO","time":"2024-11-21T22:47:21.286+0800","caller":"bluebell_test/main.go:96","msg":"Shutdown Server ..."}
{"level":"INFO","time":"2024-11-21T22:47:21.287+0800","caller":"bluebell_test/main.go:105","msg":"Server exiting"}
{"level":"INFO","time":"2024-11-21T22:47:23.861+0800","caller":"bluebell_test/main.go:36","msg":"logger init success..."}
{"level":"INFO","time":"2024-11-21T22:47:23.880+0800","caller":"bluebell_test/main.go:43","msg":"mysql init success..."}
{"level":"INFO","time":"2024-11-21T22:47:23.881+0800","caller":"bluebell_test/main.go:53","msg":"redis init success..."}
{"level":"ERROR","time":"2024-11-21T22:47:38.896+0800","caller":"logic/user.go:17","msg":"用户已存在"}
{"level":"INFO","time":"2024-11-21T22:47:38.896+0800","caller":"logger/logger.go:80","msg":"/signup","status":200,"method":"POST","path":"/signup","query":"","ip":"::1","user-agent":"PostmanRuntime/7.42.0","errors":"","cost":0.0015016}
{"level":"INFO","time":"2024-11-21T23:14:52.414+0800","caller":"bluebell_test/main.go:96","msg":"Shutdown Server ..."}
{"level":"INFO","time":"2024-11-21T23:14:52.414+0800","caller":"bluebell_test/main.go:105","msg":"Server exiting"}
{"level":"INFO","time":"2024-11-27T20:14:46.098+0800","caller":"bluebell_test/main.go:36","msg":"logger init success..."}
{"level":"INFO","time":"2024-11-27T20:14:46.120+0800","caller":"bluebell_test/main.go:43","msg":"mysql init success..."}
{"level":"INFO","time":"2024-11-27T20:14:46.122+0800","caller":"bluebell_test/main.go:53","msg":"redis init success..."}
{"level":"ERROR","time":"2024-11-27T20:15:09.426+0800","caller":"controller/user.go:63","msg":"Login with invalid param","error":"invalid character '}' looking for beginning of object key string"}
{"level":"INFO","time":"2024-11-27T20:15:09.426+0800","caller":"logger/logger.go:80","msg":"/login","status":200,"method":"POST","path":"/login","query":"","ip":"::1","user-agent":"PostmanRuntime/7.42.0","errors":"","cost":0}
{"level":"INFO","time":"2024-11-27T20:16:46.715+0800","caller":"logger/logger.go:80","msg":"/login","status":200,"method":"POST","path":"/login","query":"","ip":"::1","user-agent":"PostmanRuntime/7.42.0","errors":"","cost":0.0120119}
{"level":"INFO","time":"2024-11-27T20:16:51.399+0800","caller":"logger/logger.go:80","msg":"/login","status":200,"method":"POST","path":"/login","query":"","ip":"::1","user-agent":"PostmanRuntime/7.42.0","errors":"","cost":0.0010006}
{"level":"ERROR","time":"2024-11-27T20:41:58.573+0800","caller":"controller/user.go:20","msg":"SignUp with invalid param","error":"Key: 'ParamSignUp.email' Error:Field validation for 'email' failed on the 'required' tag\nKey: 'ParamSignUp.re_password' Error:Field validation for 're_password' failed on the 'required' tag\nKey: 'ParamSignUp.re_password' Error:Field validation for 're_password' failed on the 'eqfield' tag"}
{"level":"INFO","time":"2024-11-27T20:41:58.574+0800","caller":"logger/logger.go:80","msg":"/signup","status":200,"method":"POST","path":"/signup","query":"","ip":"::1","user-agent":"PostmanRuntime/7.42.0","errors":"","cost":0.001001}
{"level":"ERROR","time":"2024-11-27T20:42:31.559+0800","caller":"logic/user.go:16","msg":"用户已存在"}
{"level":"INFO","time":"2024-11-27T20:42:31.559+0800","caller":"logger/logger.go:80","msg":"/signup","status":200,"method":"POST","path":"/signup","query":"","ip":"::1","user-agent":"PostmanRuntime/7.42.0","errors":"","cost":0.0030025}
{"level":"INFO","time":"2024-11-27T20:42:53.466+0800","caller":"logger/logger.go:80","msg":"/signup","status":200,"method":"POST","path":"/signup","query":"","ip":"::1","user-agent":"PostmanRuntime/7.42.0","errors":"","cost":0.0080076}
{"level":"INFO","time":"2024-11-27T20:43:09.122+0800","caller":"logger/logger.go:80","msg":"/login","status":200,"method":"POST","path":"/login","query":"","ip":"::1","user-agent":"PostmanRuntime/7.42.0","errors":"","cost":0.001001}
{"level":"INFO","time":"2024-11-27T20:44:16.361+0800","caller":"bluebell_test/main.go:96","msg":"Shutdown Server ..."}
{"level":"INFO","time":"2024-11-27T20:44:16.362+0800","caller":"bluebell_test/main.go:105","msg":"Server exiting"}
{"level":"INFO","time":"2024-11-27T20:44:19.914+0800","caller":"bluebell_test/main.go:36","msg":"logger init success..."}
{"level":"INFO","time":"2024-11-27T20:44:19.935+0800","caller":"bluebell_test/main.go:43","msg":"mysql init success..."}
{"level":"INFO","time":"2024-11-27T20:44:19.935+0800","caller":"bluebell_test/main.go:53","msg":"redis init success..."}
{"level":"INFO","time":"2024-11-27T20:44:25.291+0800","caller":"logger/logger.go:80","msg":"/login","status":200,"method":"POST","path":"/login","query":"","ip":"::1","user-agent":"PostmanRuntime/7.42.0","errors":"","cost":0.001001}
{"level":"INFO","time":"2024-11-27T20:46:24.719+0800","caller":"bluebell_test/main.go:96","msg":"Shutdown Server ..."}
{"level":"INFO","time":"2024-11-27T20:46:24.720+0800","caller":"bluebell_test/main.go:105","msg":"Server exiting"}
{"level":"INFO","time":"2024-11-27T20:46:27.117+0800","caller":"bluebell_test/main.go:36","msg":"logger init success..."}
{"level":"INFO","time":"2024-11-27T20:46:27.137+0800","caller":"bluebell_test/main.go:43","msg":"mysql init success..."}
{"level":"INFO","time":"2024-11-27T20:46:27.137+0800","caller":"bluebell_test/main.go:53","msg":"redis init success..."}
{"level":"INFO","time":"2024-11-27T20:46:32.397+0800","caller":"logger/logger.go:80","msg":"/login","status":200,"method":"POST","path":"/login","query":"","ip":"::1","user-agent":"PostmanRuntime/7.42.0","errors":"","cost":0.0010002}
{"level":"INFO","time":"2024-11-27T20:48:03.392+0800","caller":"bluebell_test/main.go:96","msg":"Shutdown Server ..."}
{"level":"INFO","time":"2024-11-27T20:48:03.392+0800","caller":"bluebell_test/main.go:105","msg":"Server exiting"}
{"level":"INFO","time":"2024-11-27T20:48:05.535+0800","caller":"bluebell_test/main.go:36","msg":"logger init success..."}
{"level":"INFO","time":"2024-11-27T20:48:05.555+0800","caller":"bluebell_test/main.go:43","msg":"mysql init success..."}
{"level":"INFO","time":"2024-11-27T20:48:05.555+0800","caller":"bluebell_test/main.go:53","msg":"redis init success..."}
{"level":"INFO","time":"2024-11-27T20:48:12.502+0800","caller":"logger/logger.go:80","msg":"/login","status":200,"method":"POST","path":"/login","query":"","ip":"::1","user-agent":"PostmanRuntime/7.42.0","errors":"","cost":0.001001}
{"level":"INFO","time":"2024-11-27T20:48:43.744+0800","caller":"bluebell_test/main.go:96","msg":"Shutdown Server ..."}
{"level":"INFO","time":"2024-11-27T20:48:43.744+0800","caller":"bluebell_test/main.go:105","msg":"Server exiting"}
{"level":"INFO","time":"2024-11-27T20:48:46.218+0800","caller":"bluebell_test/main.go:36","msg":"logger init success..."}
{"level":"INFO","time":"2024-11-27T20:48:46.237+0800","caller":"bluebell_test/main.go:43","msg":"mysql init success..."}
{"level":"INFO","time":"2024-11-27T20:48:46.238+0800","caller":"bluebell_test/main.go:53","msg":"redis init success..."}
{"level":"INFO","time":"2024-11-27T20:48:54.277+0800","caller":"logger/logger.go:80","msg":"/login","status":200,"method":"POST","path":"/login","query":"","ip":"::1","user-agent":"PostmanRuntime/7.42.0","errors":"","cost":0.0010005}
{"level":"INFO","time":"2024-11-27T20:49:51.191+0800","caller":"bluebell_test/main.go:96","msg":"Shutdown Server ..."}
{"level":"INFO","time":"2024-11-27T20:49:51.191+0800","caller":"bluebell_test/main.go:105","msg":"Server exiting"}
{"level":"INFO","time":"2024-11-27T20:49:53.567+0800","caller":"bluebell_test/main.go:36","msg":"logger init success..."}
{"level":"INFO","time":"2024-11-27T20:49:53.587+0800","caller":"bluebell_test/main.go:43","msg":"mysql init success..."}
{"level":"INFO","time":"2024-11-27T20:49:53.588+0800","caller":"bluebell_test/main.go:53","msg":"redis init success..."}
{"level":"INFO","time":"2024-11-27T20:49:59.101+0800","caller":"logger/logger.go:80","msg":"/login","status":200,"method":"POST","path":"/login","query":"","ip":"::1","user-agent":"PostmanRuntime/7.42.0","errors":"","cost":0.0010017}
{"level":"INFO","time":"2024-11-27T20:51:29.584+0800","caller":"bluebell_test/main.go:96","msg":"Shutdown Server ..."}
{"level":"INFO","time":"2024-11-27T20:51:29.584+0800","caller":"bluebell_test/main.go:105","msg":"Server exiting"}
{"level":"INFO","time":"2024-11-27T20:51:33.721+0800","caller":"bluebell_test/main.go:36","msg":"logger init success..."}
{"level":"INFO","time":"2024-11-27T20:51:33.740+0800","caller":"bluebell_test/main.go:43","msg":"mysql init success..."}
{"level":"INFO","time":"2024-11-27T20:51:33.741+0800","caller":"bluebell_test/main.go:53","msg":"redis init success..."}
{"level":"INFO","time":"2024-11-27T20:51:55.493+0800","caller":"logger/logger.go:80","msg":"/signup","status":200,"method":"POST","path":"/signup","query":"","ip":"::1","user-agent":"PostmanRuntime/7.42.0","errors":"","cost":0.0070074}
{"level":"INFO","time":"2024-11-27T20:52:05.272+0800","caller":"logger/logger.go:80","msg":"/login","status":200,"method":"POST","path":"/login","query":"","ip":"::1","user-agent":"PostmanRuntime/7.42.0","errors":"","cost":0.0010006}
{"level":"INFO","time":"2024-11-27T20:55:30.079+0800","caller":"bluebell_test/main.go:96","msg":"Shutdown Server ..."}
{"level":"INFO","time":"2024-11-27T20:55:30.080+0800","caller":"bluebell_test/main.go:105","msg":"Server exiting"}
{"level":"INFO","time":"2024-11-27T20:55:32.493+0800","caller":"bluebell_test/main.go:36","msg":"logger init success..."}
{"level":"INFO","time":"2024-11-27T20:55:32.512+0800","caller":"bluebell_test/main.go:43","msg":"mysql init success..."}
{"level":"INFO","time":"2024-11-27T20:55:32.512+0800","caller":"bluebell_test/main.go:53","msg":"redis init success..."}
{"level":"INFO","time":"2024-11-27T20:55:37.362+0800","caller":"logger/logger.go:80","msg":"/login","status":200,"method":"POST","path":"/login","query":"","ip":"::1","user-agent":"PostmanRuntime/7.42.0","errors":"","cost":0.0020019}
{"level":"INFO","time":"2024-11-27T20:56:46.871+0800","caller":"bluebell_test/main.go:96","msg":"Shutdown Server ..."}
{"level":"INFO","time":"2024-11-27T20:56:46.872+0800","caller":"bluebell_test/main.go:105","msg":"Server exiting"}
{"level":"INFO","time":"2024-11-27T20:56:49.202+0800","caller":"bluebell_test/main.go:36","msg":"logger init success..."}
{"level":"INFO","time":"2024-11-27T20:56:49.221+0800","caller":"bluebell_test/main.go:43","msg":"mysql init success..."}
{"level":"INFO","time":"2024-11-27T20:56:49.222+0800","caller":"bluebell_test/main.go:53","msg":"redis init success..."}
{"level":"INFO","time":"2024-11-27T20:56:54.877+0800","caller":"logger/logger.go:80","msg":"/login","status":200,"method":"POST","path":"/login","query":"","ip":"::1","user-agent":"PostmanRuntime/7.42.0","errors":"","cost":0.0010006}
{"level":"INFO","time":"2024-11-27T20:57:15.639+0800","caller":"logger/logger.go:80","msg":"/signup","status":200,"method":"POST","path":"/signup","query":"","ip":"::1","user-agent":"PostmanRuntime/7.42.0","errors":"","cost":0.0050048}
{"level":"INFO","time":"2024-11-27T22:23:04.608+0800","caller":"bluebell_test/main.go:96","msg":"Shutdown Server ..."}
{"level":"INFO","time":"2024-11-27T22:23:04.608+0800","caller":"bluebell_test/main.go:105","msg":"Server exiting"}
{"level":"INFO","time":"2024-11-30T12:46:57.567+0800","caller":"bluebell_test/main.go:36","msg":"logger init success..."}
{"level":"INFO","time":"2024-11-30T12:46:57.588+0800","caller":"bluebell_test/main.go:43","msg":"mysql init success..."}
{"level":"INFO","time":"2024-11-30T12:46:57.590+0800","caller":"bluebell_test/main.go:53","msg":"redis init success..."}
{"level":"INFO","time":"2024-11-30T12:47:21.510+0800","caller":"logger/logger.go:80","msg":"/login","status":200,"method":"POST","path":"/login","query":"","ip":"::1","user-agent":"PostmanRuntime/7.42.0","errors":"","cost":0.0135124}
{"level":"INFO","time":"2024-11-30T13:02:07.709+0800","caller":"bluebell_test/main.go:96","msg":"Shutdown Server ..."}
{"level":"INFO","time":"2024-11-30T13:02:07.709+0800","caller":"bluebell_test/main.go:105","msg":"Server exiting"}
{"level":"INFO","time":"2024-11-30T13:02:09.961+0800","caller":"bluebell_test/main.go:36","msg":"logger init success..."}
{"level":"INFO","time":"2024-11-30T13:02:09.980+0800","caller":"bluebell_test/main.go:43","msg":"mysql init success..."}
{"level":"INFO","time":"2024-11-30T13:02:09.981+0800","caller":"bluebell_test/main.go:53","msg":"redis init success..."}
{"level":"INFO","time":"2024-11-30T13:02:41.252+0800","caller":"logger/logger.go:80","msg":"/ping","status":401,"method":"POST","path":"/ping","query":"","ip":"::1","user-agent":"PostmanRuntime/7.42.0","errors":"","cost":0}
{"level":"INFO","time":"2024-11-30T13:03:36.948+0800","caller":"bluebell_test/main.go:96","msg":"Shutdown Server ..."}
{"level":"INFO","time":"2024-11-30T13:03:36.949+0800","caller":"bluebell_test/main.go:105","msg":"Server exiting"}
{"level":"INFO","time":"2024-11-30T13:03:40.046+0800","caller":"bluebell_test/main.go:36","msg":"logger init success..."}
{"level":"INFO","time":"2024-11-30T13:03:40.065+0800","caller":"bluebell_test/main.go:43","msg":"mysql init success..."}
{"level":"INFO","time":"2024-11-30T13:03:40.066+0800","caller":"bluebell_test/main.go:53","msg":"redis init success..."}
{"level":"INFO","time":"2024-11-30T13:03:44.336+0800","caller":"logger/logger.go:80","msg":"/ping","status":401,"method":"POST","path":"/ping","query":"","ip":"::1","user-agent":"PostmanRuntime/7.42.0","errors":"","cost":0}
{"level":"INFO","time":"2024-11-30T13:05:27.781+0800","caller":"bluebell_test/main.go:96","msg":"Shutdown Server ..."}
{"level":"INFO","time":"2024-11-30T13:05:27.781+0800","caller":"bluebell_test/main.go:105","msg":"Server exiting"}
{"level":"INFO","time":"2024-11-30T13:05:30.030+0800","caller":"bluebell_test/main.go:36","msg":"logger init success..."}
{"level":"INFO","time":"2024-11-30T13:05:30.050+0800","caller":"bluebell_test/main.go:43","msg":"mysql init success..."}
{"level":"INFO","time":"2024-11-30T13:05:30.050+0800","caller":"bluebell_test/main.go:53","msg":"redis init success..."}
{"level":"INFO","time":"2024-11-30T13:05:51.907+0800","caller":"logger/logger.go:80","msg":"/login","status":200,"method":"POST","path":"/login","query":"","ip":"::1","user-agent":"PostmanRuntime/7.42.0","errors":"","cost":0.0010006}
{"level":"INFO","time":"2024-11-30T13:06:06.352+0800","caller":"logger/logger.go:80","msg":"/ping","status":200,"method":"POST","path":"/ping","query":"","ip":"::1","user-agent":"PostmanRuntime/7.42.0","errors":"","cost":0}
{"level":"INFO","time":"2024-11-30T22:37:36.093+0800","caller":"bluebell_test/main.go:96","msg":"Shutdown Server ..."}
{"level":"INFO","time":"2024-11-30T22:37:36.093+0800","caller":"bluebell_test/main.go:105","msg":"Server exiting"}
{"level":"INFO","time":"2024-12-04T21:04:52.560+0800","caller":"bluebell_test/main.go:36","msg":"logger init success..."}
{"level":"INFO","time":"2024-12-04T21:04:52.580+0800","caller":"bluebell_test/main.go:43","msg":"mysql init success..."}
{"level":"ERROR","time":"2024-12-04T21:04:53.081+0800","caller":"bluebell_test/main.go:48","msg":"init redis failed, err:","error":"dial tcp :6379: connectex: No connection could be made because the target machine actively refused it."}
{"level":"INFO","time":"2024-12-04T21:09:13.867+0800","caller":"bluebell_test/main.go:36","msg":"logger init success..."}
{"level":"INFO","time":"2024-12-04T21:09:13.887+0800","caller":"bluebell_test/main.go:43","msg":"mysql init success..."}
{"level":"ERROR","time":"2024-12-04T21:09:14.387+0800","caller":"bluebell_test/main.go:48","msg":"init redis failed, err:","error":"dial tcp :6379: connectex: No connection could be made because the target machine actively refused it."}
{"level":"INFO","time":"2024-12-04T21:11:28.429+0800","caller":"bluebell_test/main.go:36","msg":"logger init success..."}
{"level":"INFO","time":"2024-12-04T21:11:28.449+0800","caller":"bluebell_test/main.go:43","msg":"mysql init success..."}
{"level":"ERROR","time":"2024-12-04T21:11:28.950+0800","caller":"bluebell_test/main.go:48","msg":"init redis failed, err:","error":"dial tcp :6379: connectex: No connection could be made because the target machine actively refused it."}
{"level":"INFO","time":"2024-12-04T21:55:21.307+0800","caller":"bluebell_test/main.go:36","msg":"logger init success..."}
{"level":"INFO","time":"2024-12-04T21:55:21.327+0800","caller":"bluebell_test/main.go:43","msg":"mysql init success..."}
{"level":"INFO","time":"2024-12-04T21:55:21.328+0800","caller":"bluebell_test/main.go:53","msg":"redis init success..."}
{"level":"INFO","time":"2024-12-04T21:58:16.486+0800","caller":"bluebell_test/main.go:36","msg":"logger init success..."}
{"level":"INFO","time":"2024-12-04T21:58:16.506+0800","caller":"bluebell_test/main.go:43","msg":"mysql init success..."}
{"level":"INFO","time":"2024-12-04T21:58:16.506+0800","caller":"bluebell_test/main.go:53","msg":"redis init success..."}
{"level":"INFO","time":"2024-12-04T22:00:49.198+0800","caller":"bluebell_test/main.go:96","msg":"Shutdown Server ..."}
{"level":"INFO","time":"2024-12-04T22:00:49.199+0800","caller":"bluebell_test/main.go:105","msg":"Server exiting"}
{"level":"INFO","time":"2024-12-04T22:00:54.972+0800","caller":"bluebell_test/main.go:36","msg":"logger init success..."}
{"level":"INFO","time":"2024-12-04T22:00:54.991+0800","caller":"bluebell_test/main.go:43","msg":"mysql init success..."}
{"level":"INFO","time":"2024-12-04T22:00:54.992+0800","caller":"bluebell_test/main.go:53","msg":"redis init success..."}
{"level":"INFO","time":"2024-12-04T22:02:31.353+0800","caller":"bluebell_test/main.go:36","msg":"logger init success..."}
{"level":"INFO","time":"2024-12-04T22:02:31.373+0800","caller":"bluebell_test/main.go:43","msg":"mysql init success..."}
{"level":"INFO","time":"2024-12-04T22:02:31.374+0800","caller":"bluebell_test/main.go:54","msg":"redis init success..."}
{"level":"INFO","time":"2024-12-04T22:02:37.195+0800","caller":"bluebell_test/main.go:36","msg":"logger init success..."}
{"level":"INFO","time":"2024-12-04T22:02:37.214+0800","caller":"bluebell_test/main.go:43","msg":"mysql init success..."}
{"level":"INFO","time":"2024-12-04T22:02:37.215+0800","caller":"bluebell_test/main.go:53","msg":"redis init success..."}
{"level":"INFO","time":"2024-12-04T23:29:52.413+0800","caller":"bluebell_test/main.go:96","msg":"Shutdown Server ..."}
{"level":"INFO","time":"2024-12-04T23:29:52.413+0800","caller":"bluebell_test/main.go:105","msg":"Server exiting"}
{"level":"INFO","time":"2024-12-06T22:30:45.488+0800","caller":"bluebell_test/main.go:36","msg":"logger init success..."}
{"level":"INFO","time":"2024-12-06T22:30:45.514+0800","caller":"bluebell_test/main.go:43","msg":"mysql init success..."}
{"level":"INFO","time":"2024-12-06T22:30:45.516+0800","caller":"bluebell_test/main.go:53","msg":"redis init success..."}
{"level":"INFO","time":"2024-12-06T22:30:56.305+0800","caller":"logger/logger.go:80","msg":"/ping","status":200,"method":"POST","path":"/ping","query":"","ip":"::1","user-agent":"PostmanRuntime/7.43.0","errors":"","cost":0.0020012}
{"level":"INFO","time":"2024-12-06T22:31:10.529+0800","caller":"logger/logger.go:80","msg":"/api/v1ping","status":404,"method":"POST","path":"/api/v1ping","query":"","ip":"::1","user-agent":"PostmanRuntime/7.43.0","errors":"","cost":0}
{"level":"INFO","time":"2024-12-06T22:31:16.175+0800","caller":"logger/logger.go:80","msg":"/api/v1/ping","status":404,"method":"POST","path":"/api/v1/ping","query":"","ip":"::1","user-agent":"PostmanRuntime/7.43.0","errors":"","cost":0}
{"level":"INFO","time":"2024-12-06T22:31:22.116+0800","caller":"logger/logger.go:80","msg":"/","status":404,"method":"POST","path":"/","query":"","ip":"::1","user-agent":"PostmanRuntime/7.43.0","errors":"","cost":0}
{"level":"INFO","time":"2024-12-06T22:34:27.720+0800","caller":"logger/logger.go:80","msg":"/api/vi/login","status":404,"method":"POST","path":"/api/vi/login","query":"","ip":"::1","user-agent":"PostmanRuntime/7.43.0","errors":"","cost":0}
{"level":"INFO","time":"2024-12-06T22:34:44.910+0800","caller":"logger/logger.go:80","msg":"/api/vi/signup","status":404,"method":"POST","path":"/api/vi/signup","query":"","ip":"::1","user-agent":"PostmanRuntime/7.43.0","errors":"","cost":0}
{"level":"INFO","time":"2024-12-06T22:35:39.554+0800","caller":"logger/logger.go:80","msg":"/api/v1/signup","status":404,"method":"POST","path":"/api/v1/signup","query":"","ip":"::1","user-agent":"PostmanRuntime/7.43.0","errors":"","cost":0}
{"level":"INFO","time":"2024-12-06T22:35:45.014+0800","caller":"logger/logger.go:80","msg":"/api/v1/login","status":404,"method":"POST","path":"/api/v1/login","query":"","ip":"::1","user-agent":"PostmanRuntime/7.43.0","errors":"","cost":0}
{"level":"INFO","time":"2024-12-06T22:35:56.993+0800","caller":"logger/logger.go:80","msg":"/","status":404,"method":"POST","path":"/","query":"","ip":"::1","user-agent":"PostmanRuntime/7.43.0","errors":"","cost":0}
{"level":"INFO","time":"2024-12-06T22:37:09.178+0800","caller":"logger/logger.go:80","msg":"/ping","status":200,"method":"POST","path":"/ping","query":"","ip":"::1","user-agent":"PostmanRuntime/7.43.0","errors":"","cost":0.0010014}
{"level":"INFO","time":"2024-12-06T22:39:04.802+0800","caller":"bluebell_test/main.go:36","msg":"logger init success..."}
{"level":"INFO","time":"2024-12-06T22:39:04.822+0800","caller":"bluebell_test/main.go:43","msg":"mysql init success..."}
{"level":"INFO","time":"2024-12-06T22:39:04.822+0800","caller":"bluebell_test/main.go:53","msg":"redis init success..."}
{"level":"INFO","time":"2024-12-06T22:39:12.981+0800","caller":"logger/logger.go:80","msg":"/","status":404,"method":"POST","path":"/","query":"","ip":"::1","user-agent":"PostmanRuntime/7.43.0","errors":"","cost":0}
{"level":"INFO","time":"2024-12-06T22:39:20.992+0800","caller":"logger/logger.go:80","msg":"/","status":404,"method":"POST","path":"/","query":"","ip":"::1","user-agent":"PostmanRuntime/7.43.0","errors":"","cost":0}
{"level":"INFO","time":"2024-12-06T22:39:38.557+0800","caller":"logger/logger.go:80","msg":"/","status":200,"method":"GET","path":"/","query":"","ip":"::1","user-agent":"PostmanRuntime/7.43.0","errors":"","cost":0}
{"level":"INFO","time":"2024-12-06T22:39:46.610+0800","caller":"logger/logger.go:80","msg":"/","status":404,"method":"POST","path":"/","query":"","ip":"::1","user-agent":"PostmanRuntime/7.43.0","errors":"","cost":0}
{"level":"INFO","time":"2024-12-06T22:40:22.485+0800","caller":"bluebell_test/main.go:36","msg":"logger init success..."}
{"level":"INFO","time":"2024-12-06T22:40:22.505+0800","caller":"bluebell_test/main.go:43","msg":"mysql init success..."}
{"level":"INFO","time":"2024-12-06T22:40:22.505+0800","caller":"bluebell_test/main.go:53","msg":"redis init success..."}
{"level":"INFO","time":"2024-12-06T22:40:34.961+0800","caller":"logger/logger.go:80","msg":"/api/v1/ping","status":200,"method":"GET","path":"/api/v1/ping","query":"","ip":"::1","user-agent":"PostmanRuntime/7.43.0","errors":"","cost":0}
{"level":"INFO","time":"2024-12-06T22:41:43.416+0800","caller":"logger/logger.go:80","msg":"/api/v1/api/v1/signup","status":404,"method":"POST","path":"/api/v1/api/v1/signup","query":"","ip":"::1","user-agent":"PostmanRuntime/7.43.0","errors":"","cost":0}
{"level":"INFO","time":"2024-12-06T22:43:45.493+0800","caller":"logger/logger.go:80","msg":"/api/signup","status":404,"method":"POST","path":"/api/signup","query":"","ip":"::1","user-agent":"PostmanRuntime/7.43.0","errors":"","cost":0}
{"level":"ERROR","time":"2024-12-06T22:43:55.439+0800","caller":"controller/user.go:20","msg":"SignUp with invalid param","error":"Key: 'ParamSignUp.email' Error:Field validation for 'email' failed on the 'required' tag"}
{"level":"INFO","time":"2024-12-06T22:43:55.439+0800","caller":"logger/logger.go:80","msg":"/api/v1/signup","status":200,"method":"POST","path":"/api/v1/signup","query":"","ip":"::1","user-agent":"PostmanRuntime/7.43.0","errors":"","cost":0}
{"level":"INFO","time":"2024-12-06T22:44:12.735+0800","caller":"logger/logger.go:80","msg":"/api/v1/signup","status":200,"method":"POST","path":"/api/v1/signup","query":"","ip":"::1","user-agent":"PostmanRuntime/7.43.0","errors":"","cost":0.0200196}
{"level":"INFO","time":"2024-12-06T22:44:28.856+0800","caller":"logger/logger.go:80","msg":"/api/v1/login","status":200,"method":"POST","path":"/api/v1/login","query":"","ip":"::1","user-agent":"PostmanRuntime/7.43.0","errors":"","cost":0}
{"level":"INFO","time":"2024-12-06T22:46:59.012+0800","caller":"bluebell_test/main.go:36","msg":"logger init success..."}
{"level":"INFO","time":"2024-12-06T22:46:59.032+0800","caller":"bluebell_test/main.go:43","msg":"mysql init success..."}
{"level":"INFO","time":"2024-12-06T22:46:59.033+0800","caller":"bluebell_test/main.go:53","msg":"redis init success..."}
{"level":"INFO","time":"2024-12-06T22:47:28.796+0800","caller":"bluebell_test/main.go:36","msg":"logger init success..."}
{"level":"INFO","time":"2024-12-06T22:47:28.817+0800","caller":"bluebell_test/main.go:43","msg":"mysql init success..."}
{"level":"INFO","time":"2024-12-06T22:47:28.817+0800","caller":"bluebell_test/main.go:53","msg":"redis init success..."}
{"level":"INFO","time":"2024-12-06T22:47:37.494+0800","caller":"logger/logger.go:80","msg":"/api/v1/login","status":200,"method":"POST","path":"/api/v1/login","query":"","ip":"::1","user-agent":"PostmanRuntime/7.43.0","errors":"","cost":0.001001}
{"level":"INFO","time":"2024-12-06T22:47:41.344+0800","caller":"logger/logger.go:80","msg":"/api/v1/login","status":200,"method":"POST","path":"/api/v1/login","query":"","ip":"::1","user-agent":"PostmanRuntime/7.43.0","errors":"","cost":0}
{"level":"INFO","time":"2024-12-06T22:47:53.659+0800","caller":"logger/logger.go:80","msg":"/api/v1/ping","status":200,"method":"POST","path":"/api/v1/ping","query":"","ip":"::1","user-agent":"PostmanRuntime/7.43.0","errors":"","cost":0}
{"level":"ERROR","time":"2024-12-06T22:48:26.888+0800","caller":"mysql/community.go:16","msg":"GetCommunityList failed"}
{"level":"INFO","time":"2024-12-06T22:48:26.888+0800","caller":"logger/logger.go:80","msg":"/api/v1/community","status":200,"method":"POST","path":"/api/v1/community","query":"","ip":"::1","user-agent":"PostmanRuntime/7.43.0","errors":"","cost":0.0060057}
{"level":"INFO","time":"2024-12-06T22:48:55.488+0800","caller":"bluebell_test/main.go:36","msg":"logger init success..."}
{"level":"INFO","time":"2024-12-06T22:48:55.509+0800","caller":"bluebell_test/main.go:43","msg":"mysql init success..."}
{"level":"INFO","time":"2024-12-06T22:48:55.509+0800","caller":"bluebell_test/main.go:53","msg":"redis init success..."}
{"level":"INFO","time":"2024-12-06T22:49:22.574+0800","caller":"bluebell_test/main.go:36","msg":"logger init success..."}
{"level":"INFO","time":"2024-12-06T22:49:22.595+0800","caller":"bluebell_test/main.go:43","msg":"mysql init success..."}
{"level":"INFO","time":"2024-12-06T22:49:22.595+0800","caller":"bluebell_test/main.go:53","msg":"redis init success..."}
{"level":"INFO","time":"2024-12-06T22:49:46.004+0800","caller":"bluebell_test/main.go:36","msg":"logger init success..."}
{"level":"INFO","time":"2024-12-06T22:49:46.025+0800","caller":"bluebell_test/main.go:43","msg":"mysql init success..."}
{"level":"INFO","time":"2024-12-06T22:49:46.025+0800","caller":"bluebell_test/main.go:53","msg":"redis init success..."}
{"level":"INFO","time":"2024-12-06T22:49:50.562+0800","caller":"bluebell_test/main.go:36","msg":"logger init success..."}
{"level":"INFO","time":"2024-12-06T22:49:50.581+0800","caller":"bluebell_test/main.go:43","msg":"mysql init success..."}
{"level":"INFO","time":"2024-12-06T22:49:50.582+0800","caller":"bluebell_test/main.go:53","msg":"redis init success..."}
{"level":"INFO","time":"2024-12-06T22:49:54.637+0800","caller":"bluebell_test/main.go:36","msg":"logger init success..."}
{"level":"INFO","time":"2024-12-06T22:49:54.657+0800","caller":"bluebell_test/main.go:43","msg":"mysql init success..."}
{"level":"INFO","time":"2024-12-06T22:49:54.658+0800","caller":"bluebell_test/main.go:53","msg":"redis init success..."}
{"level":"INFO","time":"2024-12-06T22:52:18.121+0800","caller":"bluebell_test/main.go:36","msg":"logger init success..."}
{"level":"INFO","time":"2024-12-06T22:52:18.142+0800","caller":"bluebell_test/main.go:43","msg":"mysql init success..."}
{"level":"INFO","time":"2024-12-06T22:52:18.143+0800","caller":"bluebell_test/main.go:53","msg":"redis init success..."}
{"level":"INFO","time":"2024-12-06T22:52:59.758+0800","caller":"bluebell_test/main.go:36","msg":"logger init success..."}
{"level":"INFO","time":"2024-12-06T22:52:59.777+0800","caller":"bluebell_test/main.go:43","msg":"mysql init success..."}
{"level":"INFO","time":"2024-12-06T22:52:59.778+0800","caller":"bluebell_test/main.go:53","msg":"redis init success..."}
{"level":"INFO","time":"2024-12-06T22:53:02.283+0800","caller":"bluebell_test/main.go:36","msg":"logger init success..."}
{"level":"INFO","time":"2024-12-06T22:53:02.309+0800","caller":"bluebell_test/main.go:43","msg":"mysql init success..."}
{"level":"INFO","time":"2024-12-06T22:53:02.309+0800","caller":"bluebell_test/main.go:53","msg":"redis init success..."}
{"level":"INFO","time":"2024-12-06T22:53:09.235+0800","caller":"bluebell_test/main.go:36","msg":"logger init success..."}
{"level":"INFO","time":"2024-12-06T22:53:09.260+0800","caller":"bluebell_test/main.go:43","msg":"mysql init success..."}
{"level":"INFO","time":"2024-12-06T22:53:09.260+0800","caller":"bluebell_test/main.go:53","msg":"redis init success..."}
{"level":"INFO","time":"2024-12-06T22:53:22.374+0800","caller":"bluebell_test/main.go:36","msg":"logger init success..."}
{"level":"INFO","time":"2024-12-06T22:53:22.394+0800","caller":"bluebell_test/main.go:43","msg":"mysql init success..."}
{"level":"INFO","time":"2024-12-06T22:53:22.395+0800","caller":"bluebell_test/main.go:53","msg":"redis init success..."}
{"level":"ERROR","time":"2024-12-06T22:53:42.166+0800","caller":"mysql/community.go:26","msg":"GetCommunityDetailByID failed","error":"scannable dest type ptr with >1 columns (4) in result"}
{"level":"ERROR","time":"2024-12-06T22:53:42.166+0800","caller":"controller/community.go:41","msg":"logic.CommunityDetail() failed","error":"scannable dest type ptr with >1 columns (4) in result"}
{"level":"INFO","time":"2024-12-06T22:53:42.167+0800","caller":"logger/logger.go:80","msg":"/api/v1/community/1","status":200,"method":"POST","path":"/api/v1/community/1","query":"","ip":"::1","user-agent":"PostmanRuntime/7.43.0","errors":"","cost":0.0020019}
{"level":"ERROR","time":"2024-12-06T22:53:48.117+0800","caller":"mysql/community.go:26","msg":"GetCommunityDetailByID failed","error":"scannable dest type ptr with >1 columns (4) in result"}
{"level":"ERROR","time":"2024-12-06T22:53:48.117+0800","caller":"controller/community.go:41","msg":"logic.CommunityDetail() failed","error":"scannable dest type ptr with >1 columns (4) in result"}
{"level":"INFO","time":"2024-12-06T22:53:48.117+0800","caller":"logger/logger.go:80","msg":"/api/v1/community/2","status":200,"method":"POST","path":"/api/v1/community/2","query":"","ip":"::1","user-agent":"PostmanRuntime/7.43.0","errors":"","cost":0.001001}
{"level":"INFO","time":"2024-12-06T23:05:07.654+0800","caller":"bluebell_test/main.go:36","msg":"logger init success..."}
{"level":"INFO","time":"2024-12-06T23:05:07.674+0800","caller":"bluebell_test/main.go:43","msg":"mysql init success..."}
{"level":"INFO","time":"2024-12-06T23:05:07.675+0800","caller":"bluebell_test/main.go:53","msg":"redis init success..."}
{"level":"INFO","time":"2024-12-06T23:05:18.340+0800","caller":"bluebell_test/main.go:36","msg":"logger init success..."}
{"level":"INFO","time":"2024-12-06T23:05:18.360+0800","caller":"bluebell_test/main.go:43","msg":"mysql init success..."}
{"level":"INFO","time":"2024-12-06T23:05:18.361+0800","caller":"bluebell_test/main.go:53","msg":"redis init success..."}
{"level":"INFO","time":"2024-12-06T23:05:26.180+0800","caller":"bluebell_test/main.go:36","msg":"logger init success..."}
{"level":"INFO","time":"2024-12-06T23:05:26.208+0800","caller":"bluebell_test/main.go:43","msg":"mysql init success..."}
{"level":"INFO","time":"2024-12-06T23:05:26.208+0800","caller":"bluebell_test/main.go:53","msg":"redis init success..."}
{"level":"INFO","time":"2024-12-06T23:05:27.645+0800","caller":"bluebell_test/main.go:36","msg":"logger init success..."}
{"level":"INFO","time":"2024-12-06T23:05:27.665+0800","caller":"bluebell_test/main.go:43","msg":"mysql init success..."}
{"level":"INFO","time":"2024-12-06T23:05:27.665+0800","caller":"bluebell_test/main.go:53","msg":"redis init success..."}
{"level":"INFO","time":"2024-12-06T23:05:29.385+0800","caller":"bluebell_test/main.go:36","msg":"logger init success..."}
{"level":"INFO","time":"2024-12-06T23:05:29.404+0800","caller":"bluebell_test/main.go:43","msg":"mysql init success..."}
{"level":"INFO","time":"2024-12-06T23:05:29.405+0800","caller":"bluebell_test/main.go:53","msg":"redis init success..."}
{"level":"ERROR","time":"2024-12-06T23:05:35.809+0800","caller":"mysql/community.go:26","msg":"GetCommunityDetailByID failed","error":"scannable dest type ptr with >1 columns (4) in result"}
{"level":"ERROR","time":"2024-12-06T23:05:35.809+0800","caller":"controller/community.go:41","msg":"logic.CommunityDetail() failed","error":"scannable dest type ptr with >1 columns (4) in result"}
{"level":"INFO","time":"2024-12-06T23:05:35.810+0800","caller":"logger/logger.go:80","msg":"/api/v1/community/2","status":200,"method":"POST","path":"/api/v1/community/2","query":"","ip":"::1","user-agent":"PostmanRuntime/7.43.0","errors":"","cost":0.002002}
{"level":"INFO","time":"2024-12-06T23:06:23.315+0800","caller":"bluebell_test/main.go:36","msg":"logger init success..."}
{"level":"INFO","time":"2024-12-06T23:06:23.336+0800","caller":"bluebell_test/main.go:43","msg":"mysql init success..."}
{"level":"INFO","time":"2024-12-06T23:06:23.336+0800","caller":"bluebell_test/main.go:53","msg":"redis init success..."}
{"level":"ERROR","time":"2024-12-06T23:06:37.001+0800","caller":"mysql/community.go:26","msg":"GetCommunityDetailByID failed","error":"scannable dest type ptr with >1 columns (4) in result"}
{"level":"ERROR","time":"2024-12-06T23:06:37.001+0800","caller":"controller/community.go:41","msg":"logic.CommunityDetail() failed","error":"scannable dest type ptr with >1 columns (4) in result"}
{"level":"INFO","time":"2024-12-06T23:06:37.002+0800","caller":"logger/logger.go:80","msg":"/api/v1/community/2","status":200,"method":"POST","path":"/api/v1/community/2","query":"","ip":"::1","user-agent":"PostmanRuntime/7.43.0","errors":"","cost":0.0020019}
{"level":"INFO","time":"2024-12-06T23:07:32.568+0800","caller":"bluebell_test/main.go:36","msg":"logger init success..."}
{"level":"INFO","time":"2024-12-06T23:07:32.587+0800","caller":"bluebell_test/main.go:43","msg":"mysql init success..."}
{"level":"INFO","time":"2024-12-06T23:07:32.587+0800","caller":"bluebell_test/main.go:53","msg":"redis init success..."}
{"level":"INFO","time":"2024-12-06T23:07:47.936+0800","caller":"bluebell_test/main.go:36","msg":"logger init success..."}
{"level":"INFO","time":"2024-12-06T23:07:47.956+0800","caller":"bluebell_test/main.go:43","msg":"mysql init success..."}
{"level":"INFO","time":"2024-12-06T23:07:47.957+0800","caller":"bluebell_test/main.go:53","msg":"redis init success..."}
{"level":"ERROR","time":"2024-12-06T23:07:51.287+0800","caller":"mysql/community.go:26","msg":"GetCommunityDetailByID failed","error":"scannable dest type ptr with >1 columns (4) in result"}
{"level":"ERROR","time":"2024-12-06T23:07:51.287+0800","caller":"controller/community.go:41","msg":"logic.CommunityDetail() failed","error":"scannable dest type ptr with >1 columns (4) in result"}
{"level":"INFO","time":"2024-12-06T23:07:51.287+0800","caller":"logger/logger.go:80","msg":"/api/v1/community/2","status":200,"method":"POST","path":"/api/v1/community/2","query":"","ip":"::1","user-agent":"PostmanRuntime/7.43.0","errors":"","cost":0.001001}
{"level":"INFO","time":"2024-12-06T23:10:27.611+0800","caller":"bluebell_test/main.go:36","msg":"logger init success..."}
{"level":"INFO","time":"2024-12-06T23:10:27.630+0800","caller":"bluebell_test/main.go:43","msg":"mysql init success..."}
{"level":"INFO","time":"2024-12-06T23:10:27.631+0800","caller":"bluebell_test/main.go:53","msg":"redis init success..."}
{"level":"INFO","time":"2024-12-06T23:10:40.486+0800","caller":"bluebell_test/main.go:36","msg":"logger init success..."}
{"level":"INFO","time":"2024-12-06T23:10:40.506+0800","caller":"bluebell_test/main.go:43","msg":"mysql init success..."}
{"level":"INFO","time":"2024-12-06T23:10:40.506+0800","caller":"bluebell_test/main.go:53","msg":"redis init success..."}
{"level":"INFO","time":"2024-12-06T23:10:49.599+0800","caller":"bluebell_test/main.go:36","msg":"logger init success..."}
{"level":"INFO","time":"2024-12-06T23:10:49.619+0800","caller":"bluebell_test/main.go:43","msg":"mysql init success..."}
{"level":"INFO","time":"2024-12-06T23:10:49.619+0800","caller":"bluebell_test/main.go:53","msg":"redis init success..."}
{"level":"ERROR","time":"2024-12-06T23:10:50.006+0800","caller":"mysql/community.go:26","msg":"GetCommunityDetailByID failed","error":"scannable dest type ptr with >1 columns (4) in result"}
{"level":"ERROR","time":"2024-12-06T23:10:50.006+0800","caller":"controller/community.go:41","msg":"logic.CommunityDetail() failed","error":"scannable dest type ptr with >1 columns (4) in result"}
{"level":"INFO","time":"2024-12-06T23:10:50.006+0800","caller":"logger/logger.go:80","msg":"/api/v1/community/2","status":200,"method":"POST","path":"/api/v1/community/2","query":"","ip":"::1","user-agent":"PostmanRuntime/7.43.0","errors":"","cost":0.001001}
{"level":"INFO","time":"2024-12-06T23:16:06.088+0800","caller":"bluebell_test/main.go:36","msg":"logger init success..."}
{"level":"INFO","time":"2024-12-06T23:16:06.109+0800","caller":"bluebell_test/main.go:43","msg":"mysql init success..."}
{"level":"INFO","time":"2024-12-06T23:16:06.110+0800","caller":"bluebell_test/main.go:53","msg":"redis init success..."}
{"level":"ERROR","time":"2024-12-06T23:16:09.979+0800","caller":"mysql/community.go:26","msg":"GetCommunityDetailByID failed","error":"scannable dest type ptr with >1 columns (4) in result"}
{"level":"ERROR","time":"2024-12-06T23:16:09.979+0800","caller":"controller/community.go:41","msg":"logic.CommunityDetail() failed","error":"scannable dest type ptr with >1 columns (4) in result"}
{"level":"INFO","time":"2024-12-06T23:16:09.980+0800","caller":"logger/logger.go:80","msg":"/api/v1/community/2","status":200,"method":"POST","path":"/api/v1/community/2","query":"","ip":"::1","user-agent":"PostmanRuntime/7.43.0","errors":"","cost":0.0020016}
{"level":"INFO","time":"2024-12-06T23:16:58.345+0800","caller":"bluebell_test/main.go:36","msg":"logger init success..."}
{"level":"INFO","time":"2024-12-06T23:16:58.365+0800","caller":"bluebell_test/main.go:43","msg":"mysql init success..."}
{"level":"INFO","time":"2024-12-06T23:16:58.365+0800","caller":"bluebell_test/main.go:53","msg":"redis init success..."}
{"level":"ERROR","time":"2024-12-06T23:17:20.776+0800","caller":"mysql/community.go:26","msg":"GetCommunityDetailByID failed","error":"scannable dest type ptr with >1 columns (4) in result"}
{"level":"ERROR","time":"2024-12-06T23:17:20.776+0800","caller":"controller/community.go:41","msg":"logic.CommunityDetail() failed","error":"scannable dest type ptr with >1 columns (4) in result"}
{"level":"INFO","time":"2024-12-06T23:17:20.776+0800","caller":"logger/logger.go:80","msg":"/api/v1/community/2","status":200,"method":"POST","path":"/api/v1/community/2","query":"","ip":"::1","user-agent":"PostmanRuntime/7.43.0","errors":"","cost":0.0010009}
{"level":"INFO","time":"2024-12-06T23:28:47.564+0800","caller":"bluebell_test/main.go:36","msg":"logger init success..."}
{"level":"INFO","time":"2024-12-06T23:28:47.584+0800","caller":"bluebell_test/main.go:43","msg":"mysql init success..."}
{"level":"INFO","time":"2024-12-06T23:28:47.585+0800","caller":"bluebell_test/main.go:53","msg":"redis init success..."}
{"level":"INFO","time":"2024-12-06T23:28:50.674+0800","caller":"logger/logger.go:80","msg":"/api/v1/community/2","status":200,"method":"POST","path":"/api/v1/community/2","query":"","ip":"::1","user-agent":"PostmanRuntime/7.43.0","errors":"","cost":0.0010021}
{"level":"INFO","time":"2024-12-06T23:29:03.803+0800","caller":"bluebell_test/main.go:36","msg":"logger init success..."}
{"level":"INFO","time":"2024-12-06T23:29:03.822+0800","caller":"bluebell_test/main.go:43","msg":"mysql init success..."}
{"level":"INFO","time":"2024-12-06T23:29:03.823+0800","caller":"bluebell_test/main.go:53","msg":"redis init success..."}
{"level":"INFO","time":"2024-12-06T23:29:05.334+0800","caller":"logger/logger.go:80","msg":"/api/v1/community/2","status":200,"method":"POST","path":"/api/v1/community/2","query":"","ip":"::1","user-agent":"PostmanRuntime/7.43.0","errors":"","cost":0.001001}
{"level":"INFO","time":"2024-12-06T23:29:11.015+0800","caller":"bluebell_test/main.go:96","msg":"Shutdown Server ..."}
{"level":"INFO","time":"2024-12-06T23:29:11.016+0800","caller":"bluebell_test/main.go:105","msg":"Server exiting"}
{"level":"INFO","time":"2024-12-10T20:29:40.049+0800","caller":"bluebell_test/main.go:36","msg":"logger init success..."}
{"level":"INFO","time":"2024-12-10T20:29:40.083+0800","caller":"bluebell_test/main.go:43","msg":"mysql init success..."}
{"level":"INFO","time":"2024-12-10T20:29:40.085+0800","caller":"bluebell_test/main.go:53","msg":"redis init success..."}
{"level":"INFO","time":"2024-12-10T20:45:43.433+0800","caller":"logger/logger.go:80","msg":"/api/v1/community/2","status":200,"method":"POST","path":"/api/v1/community/2","query":"","ip":"::1","user-agent":"PostmanRuntime/7.43.0","errors":"","cost":0.015515}
{"level":"INFO","time":"2024-12-10T23:12:00.169+0800","caller":"bluebell_test/main.go:96","msg":"Shutdown Server ..."}
{"level":"INFO","time":"2024-12-10T23:12:00.169+0800","caller":"bluebell_test/main.go:105","msg":"Server exiting"}
{"level":"INFO","time":"2024-12-11T21:17:23.967+0800","caller":"bluebell_test/main.go:36","msg":"logger init success..."}
{"level":"INFO","time":"2024-12-11T21:17:23.988+0800","caller":"bluebell_test/main.go:43","msg":"mysql init success..."}
{"level":"ERROR","time":"2024-12-11T21:17:24.488+0800","caller":"bluebell_test/main.go:48","msg":"init redis failed, err:","error":"dial tcp :6379: connectex: No connection could be made because the target machine actively refused it."}
{"level":"INFO","time":"2024-12-11T21:17:39.133+0800","caller":"bluebell_test/main.go:36","msg":"logger init success..."}
{"level":"INFO","time":"2024-12-11T21:17:39.157+0800","caller":"bluebell_test/main.go:43","msg":"mysql init success..."}
{"level":"INFO","time":"2024-12-11T21:17:39.159+0800","caller":"bluebell_test/main.go:53","msg":"redis init success..."}
{"level":"ERROR","time":"2024-12-11T21:19:45.588+0800","caller":"controller/post.go:16","msg":"c.ShouldBind() failed","error":"json: cannot unmarshal string into Go struct field Post.community_id of type int64"}
{"level":"INFO","time":"2024-12-11T21:19:45.588+0800","caller":"logger/logger.go:80","msg":"/api/v1/post","status":200,"method":"POST","path":"/api/v1/post","query":"","ip":"::1","user-agent":"PostmanRuntime/7.43.0","errors":"","cost":0}
{"level":"INFO","time":"2024-12-11T21:20:08.032+0800","caller":"logger/logger.go:80","msg":"/api/v1/post","status":200,"method":"POST","path":"/api/v1/post","query":"","ip":"::1","user-agent":"PostmanRuntime/7.43.0","errors":"","cost":0.0070078}
{"level":"INFO","time":"2024-12-11T21:21:44.214+0800","caller":"bluebell_test/main.go:36","msg":"logger init success..."}
{"level":"INFO","time":"2024-12-11T21:21:44.234+0800","caller":"bluebell_test/main.go:43","msg":"mysql init success..."}
{"level":"INFO","time":"2024-12-11T21:21:44.235+0800","caller":"bluebell_test/main.go:53","msg":"redis init success..."}
{"level":"INFO","time":"2024-12-11T21:23:06.061+0800","caller":"bluebell_test/main.go:36","msg":"logger init success..."}
{"level":"INFO","time":"2024-12-11T21:23:06.081+0800","caller":"bluebell_test/main.go:43","msg":"mysql init success..."}
{"level":"INFO","time":"2024-12-11T21:23:06.081+0800","caller":"bluebell_test/main.go:53","msg":"redis init success..."}
{"level":"INFO","time":"2024-12-11T21:23:14.407+0800","caller":"bluebell_test/main.go:36","msg":"logger init success..."}
{"level":"INFO","time":"2024-12-11T21:23:14.434+0800","caller":"bluebell_test/main.go:43","msg":"mysql init success..."}
{"level":"INFO","time":"2024-12-11T21:23:14.435+0800","caller":"bluebell_test/main.go:53","msg":"redis init success..."}
{"level":"INFO","time":"2024-12-11T21:23:23.149+0800","caller":"bluebell_test/main.go:36","msg":"logger init success..."}
{"level":"INFO","time":"2024-12-11T21:23:23.170+0800","caller":"bluebell_test/main.go:43","msg":"mysql init success..."}
{"level":"INFO","time":"2024-12-11T21:23:23.171+0800","caller":"bluebell_test/main.go:53","msg":"redis init success..."}
{"level":"ERROR","time":"2024-12-11T21:23:28.973+0800","caller":"controller/post.go:23","msg":"getCurrentUserID() failed","error":"用户需要登录登录"}
{"level":"INFO","time":"2024-12-11T21:23:28.973+0800","caller":"logger/logger.go:80","msg":"/api/v1/post","status":200,"method":"POST","path":"/api/v1/post","query":"","ip":"::1","user-agent":"PostmanRuntime/7.43.0","errors":"","cost":0.0004999}
{"level":"INFO","time":"2024-12-11T21:33:27.233+0800","caller":"logger/logger.go:80","msg":"/api/v1/login","status":200,"method":"POST","path":"/api/v1/login","query":"","ip":"::1","user-agent":"PostmanRuntime/7.43.0","errors":"","cost":0.0050044}
{"level":"ERROR","time":"2024-12-11T21:33:36.086+0800","caller":"controller/post.go:23","msg":"getCurrentUserID() failed","error":"用户需要登录登录"}
{"level":"INFO","time":"2024-12-11T21:33:36.086+0800","caller":"logger/logger.go:80","msg":"/api/v1/post","status":200,"method":"POST","path":"/api/v1/post","query":"","ip":"::1","user-agent":"PostmanRuntime/7.43.0","errors":"","cost":0}
{"level":"ERROR","time":"2024-12-11T21:33:39.719+0800","caller":"controller/post.go:23","msg":"getCurrentUserID() failed","error":"用户需要登录登录"}
{"level":"INFO","time":"2024-12-11T21:33:39.719+0800","caller":"logger/logger.go:80","msg":"/api/v1/post","status":200,"method":"POST","path":"/api/v1/post","query":"","ip":"::1","user-agent":"PostmanRuntime/7.43.0","errors":"","cost":0.000501}
{"level":"ERROR","time":"2024-12-11T21:35:08.882+0800","caller":"controller/post.go:23","msg":"getCurrentUserID() failed","error":"用户需要登录登录"}
{"level":"INFO","time":"2024-12-11T21:35:08.882+0800","caller":"logger/logger.go:80","msg":"/api/v1/post","status":200,"method":"POST","path":"/api/v1/post","query":"","ip":"::1","user-agent":"PostmanRuntime/7.43.0","errors":"","cost":0.0005003}
{"level":"ERROR","time":"2024-12-11T21:35:12.942+0800","caller":"controller/post.go:23","msg":"getCurrentUserID() failed","error":"用户需要登录登录"}
{"level":"INFO","time":"2024-12-11T21:35:12.942+0800","caller":"logger/logger.go:80","msg":"/api/v1/post","status":200,"method":"POST","path":"/api/v1/post","query":"","ip":"::1","user-agent":"PostmanRuntime/7.43.0","errors":"","cost":0.0005007}
{"level":"ERROR","time":"2024-12-11T21:35:22.209+0800","caller":"controller/post.go:23","msg":"getCurrentUserID() failed","error":"用户需要登录登录"}
{"level":"INFO","time":"2024-12-11T21:35:22.210+0800","caller":"logger/logger.go:80","msg":"/api/v1/post","status":200,"method":"POST","path":"/api/v1/post","query":"","ip":"::1","user-agent":"PostmanRuntime/7.43.0","errors":"","cost":0.0005003}
{"level":"INFO","time":"2024-12-11T21:37:08.934+0800","caller":"bluebell_test/main.go:36","msg":"logger init success..."}
{"level":"INFO","time":"2024-12-11T21:37:08.954+0800","caller":"bluebell_test/main.go:43","msg":"mysql init success..."}
{"level":"INFO","time":"2024-12-11T21:37:08.955+0800","caller":"bluebell_test/main.go:53","msg":"redis init success..."}
{"level":"INFO","time":"2024-12-11T21:38:45.932+0800","caller":"bluebell_test/main.go:36","msg":"logger init success..."}
{"level":"INFO","time":"2024-12-11T21:38:45.955+0800","caller":"bluebell_test/main.go:43","msg":"mysql init success..."}
{"level":"INFO","time":"2024-12-11T21:38:45.955+0800","caller":"bluebell_test/main.go:53","msg":"redis init success..."}
{"level":"INFO","time":"2024-12-11T21:38:49.657+0800","caller":"logger/logger.go:80","msg":"/api/v1/login","status":200,"method":"POST","path":"/api/v1/login","query":"","ip":"::1","user-agent":"PostmanRuntime/7.43.0","errors":"","cost":0.0010003}
{"level":"ERROR","time":"2024-12-11T21:39:02.194+0800","caller":"controller/post.go:23","msg":"getCurrentUserID() failed","error":"用户需要登录登录"}
{"level":"INFO","time":"2024-12-11T21:39:02.194+0800","caller":"logger/logger.go:80","msg":"/api/v1/post","status":200,"method":"POST","path":"/api/v1/post","query":"","ip":"::1","user-agent":"PostmanRuntime/7.43.0","errors":"","cost":0.0009999}
{"level":"INFO","time":"2024-12-11T21:52:07.265+0800","caller":"bluebell_test/main.go:36","msg":"logger init success..."}
{"level":"INFO","time":"2024-12-11T21:52:07.285+0800","caller":"bluebell_test/main.go:43","msg":"mysql init success..."}
{"level":"INFO","time":"2024-12-11T21:52:07.286+0800","caller":"bluebell_test/main.go:53","msg":"redis init success..."}
{"level":"INFO","time":"2024-12-11T21:52:11.524+0800","caller":"logger/logger.go:80","msg":"/api/v1/login","status":200,"method":"POST","path":"/api/v1/login","query":"","ip":"::1","user-agent":"PostmanRuntime/7.43.0","errors":"","cost":0.0010002}
{"level":"ERROR","time":"2024-12-11T21:52:15.122+0800","caller":"controller/post.go:23","msg":"getCurrentUserID() failed","error":"用户需要登录登录"}
{"level":"INFO","time":"2024-12-11T21:52:15.123+0800","caller":"logger/logger.go:80","msg":"/api/v1/post","status":200,"method":"POST","path":"/api/v1/post","query":"","ip":"::1","user-agent":"PostmanRuntime/7.43.0","errors":"","cost":0.0010006}
{"level":"ERROR","time":"2024-12-11T21:52:17.003+0800","caller":"controller/post.go:23","msg":"getCurrentUserID() failed","error":"用户需要登录登录"}
{"level":"INFO","time":"2024-12-11T21:52:17.003+0800","caller":"logger/logger.go:80","msg":"/api/v1/post","status":200,"method":"POST","path":"/api/v1/post","query":"","ip":"::1","user-agent":"PostmanRuntime/7.43.0","errors":"","cost":0.0010014}
{"level":"INFO","time":"2024-12-11T21:53:45.740+0800","caller":"bluebell_test/main.go:36","msg":"logger init success..."}
{"level":"INFO","time":"2024-12-11T21:53:45.761+0800","caller":"bluebell_test/main.go:43","msg":"mysql init success..."}
{"level":"INFO","time":"2024-12-11T21:53:45.761+0800","caller":"bluebell_test/main.go:53","msg":"redis init success..."}
{"level":"INFO","time":"2024-12-11T21:53:51.442+0800","caller":"bluebell_test/main.go:36","msg":"logger init success..."}
{"level":"INFO","time":"2024-12-11T21:53:51.462+0800","caller":"bluebell_test/main.go:43","msg":"mysql init success..."}
{"level":"INFO","time":"2024-12-11T21:53:51.463+0800","caller":"bluebell_test/main.go:53","msg":"redis init success..."}
{"level":"INFO","time":"2024-12-11T21:53:54.039+0800","caller":"logger/logger.go:80","msg":"/api/v1/login","status":200,"method":"POST","path":"/api/v1/login","query":"","ip":"::1","user-agent":"PostmanRuntime/7.43.0","errors":"","cost":0.0010002}
{"level":"INFO","time":"2024-12-11T21:54:37.120+0800","caller":"bluebell_test/main.go:36","msg":"logger init success..."}
{"level":"INFO","time":"2024-12-11T21:54:37.140+0800","caller":"bluebell_test/main.go:43","msg":"mysql init success..."}
{"level":"INFO","time":"2024-12-11T21:54:37.141+0800","caller":"bluebell_test/main.go:53","msg":"redis init success..."}
{"level":"INFO","time":"2024-12-11T21:54:39.298+0800","caller":"logger/logger.go:80","msg":"/api/v1/login","status":200,"method":"POST","path":"/api/v1/login","query":"","ip":"::1","user-agent":"PostmanRuntime/7.43.0","errors":"","cost":0.0010006}
{"level":"INFO","time":"2024-12-11T21:54:50.823+0800","caller":"bluebell_test/main.go:36","msg":"logger init success..."}
{"level":"INFO","time":"2024-12-11T21:54:50.844+0800","caller":"bluebell_test/main.go:43","msg":"mysql init success..."}
{"level":"INFO","time":"2024-12-11T21:54:50.844+0800","caller":"bluebell_test/main.go:53","msg":"redis init success..."}
{"level":"INFO","time":"2024-12-11T21:54:52.107+0800","caller":"logger/logger.go:80","msg":"/api/v1/login","status":200,"method":"POST","path":"/api/v1/login","query":"","ip":"::1","user-agent":"PostmanRuntime/7.43.0","errors":"","cost":0.0010003}
{"level":"ERROR","time":"2024-12-11T21:55:05.589+0800","caller":"controller/post.go:23","msg":"getCurrentUserID() failed","error":"用户需要登录登录"}
{"level":"INFO","time":"2024-12-11T21:55:05.590+0800","caller":"logger/logger.go:80","msg":"/api/v1/post","status":200,"method":"POST","path":"/api/v1/post","query":"","ip":"::1","user-agent":"PostmanRuntime/7.43.0","errors":"","cost":0.0005007}
{"level":"INFO","time":"2024-12-11T21:55:34.847+0800","caller":"bluebell_test/main.go:36","msg":"logger init success..."}
{"level":"INFO","time":"2024-12-11T21:55:34.868+0800","caller":"bluebell_test/main.go:43","msg":"mysql init success..."}
{"level":"INFO","time":"2024-12-11T21:55:34.869+0800","caller":"bluebell_test/main.go:53","msg":"redis init success..."}
{"level":"INFO","time":"2024-12-11T22:06:25.636+0800","caller":"bluebell_test/main.go:36","msg":"logger init success..."}
{"level":"INFO","time":"2024-12-11T22:06:25.656+0800","caller":"bluebell_test/main.go:43","msg":"mysql init success..."}
{"level":"INFO","time":"2024-12-11T22:06:25.656+0800","caller":"bluebell_test/main.go:53","msg":"redis init success..."}
